<?xml version="1.0" encoding="UTF-8"?>
<!-- Generated by org.testng.reporters.JUnitXMLReporter -->
<testsuite ignored="10" hostname="LAPTOP-DUIBVCQL" failures="0" tests="1" name="Default test" time="7.634" errors="0" timestamp="2025-05-19T01:12:28 IST">
  <testcase classname="Xpath_Script" name="Test11" time="7.598"/>
  <testcase classname="Xpath_Script" name="f" time="0.0">
    <ignored/>
  </testcase> <!-- f -->
  <testcase classname="Xpath_Script" name="Test7" time="0.0">
    <ignored/>
  </testcase> <!-- Test7 -->
  <testcase classname="Xpath_Script" name="Test5" time="0.0">
    <ignored/>
  </testcase> <!-- Test5 -->
  <testcase classname="Xpath_Script" name="Test2" time="0.0">
    <ignored/>
  </testcase> <!-- Test2 -->
  <testcase classname="Xpath_Script" name="Test4" time="0.0">
    <ignored/>
  </testcase> <!-- Test4 -->
  <testcase classname="Xpath_Script" name="Test9" time="0.0">
    <ignored/>
  </testcase> <!-- Test9 -->
  <testcase classname="Xpath_Script" name="Test6" time="0.0">
    <ignored/>
  </testcase> <!-- Test6 -->
  <testcase classname="Xpath_Script" name="Test10" time="0.0">
    <ignored/>
  </testcase> <!-- Test10 -->
  <testcase classname="Xpath_Script" name="Test3" time="0.0">
    <ignored/>
  </testcase> <!-- Test3 -->
  <testcase classname="Xpath_Script" name="Test8" time="0.0">
    <ignored/>
  </testcase> <!-- Test8 -->
</testsuite> <!-- Default test -->
