<?xml version="1.0" encoding="UTF-8"?>
<testng-results ignored="10" total="11" passed="1" failed="0" skipped="0">
  <reporter-output>
  </reporter-output>
  <suite started-at="2025-05-19T01:12:21 IST" name="Default suite" finished-at="2025-05-19T01:12:28 IST" duration-ms="7634">
    <groups>
    </groups>
    <test started-at="2025-05-19T01:12:21 IST" name="Default test" finished-at="2025-05-19T01:12:28 IST" duration-ms="7634">
      <class name="Xpath_Script">
        <test-method signature="Test11()[pri:0, instance:Xpath_Script@1bd4fdd]" started-at="2025-05-19T01:12:21 IST" name="Test11" finished-at="2025-05-19T01:12:28 IST" duration-ms="7598" status="PASS">
          <reporter-output>
          </reporter-output>
        </test-method> <!-- Test11 -->
      </class> <!-- Xpath_Script -->
    </test> <!-- Default test -->
  </suite> <!-- Default suite -->
</testng-results>
